<?xml version="1.0" encoding="UTF-8"?>
<!-- Generated by org.testng.reporters.JUnitXMLReporter -->
<testsuite ignored="2" hostname="DilipK-X1" failures="0" tests="2" name="Test1" time="0.062" errors="0" timestamp="2021-10-05T22:19:03 IST">
  <testcase classname="deep.testNG.groupes.TestngGroupsDemo" name="test1" time="0.007"/>
  <testcase classname="deep.testNG.groupes.TestngGroupsDemo" name="test2" time="0.002"/>
  <testcase classname="deep.testNG.groupes.TestngGroupsDemo" name="test3" time="0.0">
    <ignored/>
  </testcase> <!-- test3 -->
  <testcase classname="deep.testNG.groupes.TestngGroupsDemo" name="test4" time="0.0">
    <ignored/>
  </testcase> <!-- test4 -->
</testsuite> <!-- Test1 -->
